<?xml version="1.0" encoding="UTF-8"?>
<testsuite xmlns:xsi="http://www.w3.org/2001/XMLSchema-instance" xsi:noNamespaceSchemaLocation="https://maven.apache.org/surefire/maven-surefire-plugin/xsd/surefire-test-report-3.0.xsd" version="3.0" name="com.example.AppTest" time="0.609" tests="10" errors="0" skipped="0" failures="0">
  <properties>
[...]
</properties>
  <testcase name="TestInsertCoin2And5" classname="com.example.AppTest" time="0.214"/>
  <testcase name="TestInsertCoinValid" classname="com.example.AppTest" time="0.048"/>
  <testcase name="TestSelectProductNoNull" classname="com.example.AppTest" time="0.033"/>
  <testcase name="TestInsufficentSolde" classname="com.example.AppTest" time="0.003"/>
  <testcase name="TestRefund" classname="com.example.AppTest" time="0.012"/>
  <testcase name="TestSelectProductNull" classname="com.example.AppTest" time="0.005"/>
  <testcase name="TestCancelRequestWithIntBalance" classname="com.example.AppTest" time="0.006"/>
  <testcase name="TestReset" classname="com.example.AppTest" time="0.005"/>
  <testcase name="TestInsertCoinInvalid" classname="com.example.AppTest" time="0.011"/>
  <testcase name="TestCancelRequestWithoutBalance" classname="com.example.AppTest" time="0.003"/>
</testsuite>